<?xml version="1.0" encoding="UTF-8"?>
<!-- Generated by org.testng.reporters.JUnitReportReporter -->
<testsuite hostname="DESKTOP-2F4TRKR" failures="0" tests="1" name="com.script.LoginPageTest" time="12.254" errors="0" timestamp="2023-05-04T21:38:17 IST" skipped="0">
  <testcase classname="com.script.LoginPageTest" name="testLoginPage" time="12.254"/>
  <system-out/>
</testsuite> <!-- com.script.LoginPageTest -->
